<?xml version="1.0" encoding="UTF-8"?>
<testsuite name="Academy Choucair" tests="1" skipped="0" failures="0" errors="0" timestamp="2021-10-01T16:13:42" hostname="VALLENATO" time="78.599">
  <properties/>
  <testcase name="Search for automation course" classname="Academy Choucair" time="78.599"/>
  <system-out><![CDATA[]]></system-out>
  <system-err><![CDATA[[Test worker] WARN net.thucydides.core.steps.BaseStepListener - stepStarted: net.thucydides.core.steps.ExecutedStepDescription@1707e70a
[Test worker] WARN net.thucydides.core.steps.BaseStepListener - stepStarted: net.thucydides.core.steps.ExecutedStepDescription@5d8114d5
[Test worker] WARN net.thucydides.core.steps.BaseStepListener - stepStarted: net.thucydides.core.steps.ExecutedStepDescription@67f4d0b0
oct 01, 2021 11:13:43 AM org.openqa.selenium.remote.DesiredCapabilities chrome
INFORMACIÓN: Using `new ChromeOptions()` is preferred to `DesiredCapabilities.chrome()`
[Test worker] INFO net.serenitybdd.core.webdriver.driverproviders.ProvideNewDriver - Instantiating driver
[Test worker] INFO net.serenitybdd.core.webdriver.driverproviders.ProvideNewDriver - Driver capabilities: Capabilities {acceptInsecureCerts: false, browserName: chrome, chrome.switches: --start-maximized, goog:chromeOptions: {args: [--start-maximized], extensions: []}, loggingPrefs: org.openqa.selenium.logging..., platform: ANY, version: }
Starting ChromeDriver 94.0.4606.41 (333e85df3c9b656b518b5f1add5ff246365b6c24-refs/branch-heads/4606@{#845}) on port 25859
Only local connections are allowed.
Please see https://chromedriver.chromium.org/security-considerations for suggestions on keeping ChromeDriver safe.
ChromeDriver was started successfully.
oct 01, 2021 11:14:15 AM org.openqa.selenium.remote.ProtocolHandshake createSession
INFORMACIÓN: Detected dialect: W3C
[Test worker] WARN net.thucydides.core.steps.BaseStepListener - stepFinished: current outcome:Search for automation course:Given than Luis wants to learn automation at the Academy Choucair
| strUser | strPassword |
| 79918093 | Choucair2021* | [Luis open up [Luis opens the Choucair academy page]]
[Test worker] WARN net.thucydides.core.steps.BaseStepListener - stepFinished: current outcome:Search for automation course:Given than Luis wants to learn automation at the Academy Choucair
| strUser | strPassword |
| 79918093 | Choucair2021* | [Luis open up [Luis opens the Choucair academy page]]
[Test worker] WARN net.thucydides.core.steps.BaseStepListener - stepStarted: net.thucydides.core.steps.ExecutedStepDescription@7607a259
[Test worker] WARN net.thucydides.core.steps.BaseStepListener - stepStarted: net.thucydides.core.steps.ExecutedStepDescription@68e824b1
[Test worker] WARN net.thucydides.core.steps.BaseStepListener - stepFinished: current outcome:Search for automation course:Given than Luis wants to learn automation at the Academy Choucair
| strUser | strPassword |
| 79918093 | Choucair2021* | [Luis open up [Luis opens the Choucair academy page], Luis login [Luis clicks on button that show the form to login]]
[Test worker] WARN net.thucydides.core.steps.BaseStepListener - stepStarted: net.thucydides.core.steps.ExecutedStepDescription@731a9f43
[Test worker] WARN net.thucydides.core.steps.BaseStepListener - stepFinished: current outcome:Search for automation course:Given than Luis wants to learn automation at the Academy Choucair
| strUser | strPassword |
| 79918093 | Choucair2021* | [Luis open up [Luis opens the Choucair academy page], Luis login [Luis clicks on button that show the form to login, Luis enters '79918093' into where do we write the user]]
[Test worker] WARN net.thucydides.core.steps.BaseStepListener - stepStarted: net.thucydides.core.steps.ExecutedStepDescription@12bce4db
[Test worker] WARN net.thucydides.core.steps.BaseStepListener - stepFinished: current outcome:Search for automation course:Given than Luis wants to learn automation at the Academy Choucair
| strUser | strPassword |
| 79918093 | Choucair2021* | [Luis open up [Luis opens the Choucair academy page], Luis login [Luis clicks on button that show the form to login, Luis enters '79918093' into where do we write the user, Luis enters 'Choucair2021*' into where do we write the password]]
[Test worker] WARN net.thucydides.core.steps.BaseStepListener - stepStarted: net.thucydides.core.steps.ExecutedStepDescription@6c7c9cc8
[Test worker] WARN net.thucydides.core.steps.BaseStepListener - stepFinished: current outcome:Search for automation course:Given than Luis wants to learn automation at the Academy Choucair
| strUser | strPassword |
| 79918093 | Choucair2021* | [Luis open up [Luis opens the Choucair academy page], Luis login [Luis clicks on button that show the form to login, Luis enters '79918093' into where do we write the user, Luis enters 'Choucair2021*' into where do we write the password, Luis clicks on confirm login]]
[Test worker] WARN net.thucydides.core.steps.BaseStepListener - stepFinished: current outcome:Search for automation course:Given than Luis wants to learn automation at the Academy Choucair
| strUser | strPassword |
| 79918093 | Choucair2021* | [Luis open up [Luis opens the Choucair academy page], Luis login [Luis clicks on button that show the form to login, Luis enters '79918093' into where do we write the user, Luis enters 'Choucair2021*' into where do we write the password, Luis clicks on confirm login]]
[Test worker] WARN net.thucydides.core.steps.BaseStepListener - stepFinished: current outcome:Search for automation course:Given than Luis wants to learn automation at the Academy Choucair
| strUser | strPassword |
| 79918093 | Choucair2021* | [Luis open up [Luis opens the Choucair academy page], Luis login [Luis clicks on button that show the form to login, Luis enters '79918093' into where do we write the user, Luis enters 'Choucair2021*' into where do we write the password, Luis clicks on confirm login]]
[Test worker] WARN net.thucydides.core.steps.BaseStepListener - stepStarted: net.thucydides.core.steps.ExecutedStepDescription@47f72b6f
[Test worker] WARN net.thucydides.core.steps.BaseStepListener - stepStarted: net.thucydides.core.steps.ExecutedStepDescription@11aa48a9
[Test worker] WARN net.thucydides.core.steps.BaseStepListener - stepStarted: net.thucydides.core.steps.ExecutedStepDescription@6907658b
[Test worker] WARN net.thucydides.core.steps.BaseStepListener - stepFinished: current outcome:Search for automation course:Given than Luis wants to learn automation at the Academy Choucair
| strUser | strPassword |
| 79918093 | Choucair2021* | [Luis open up [Luis opens the Choucair academy page], Luis login [Luis clicks on button that show the form to login, Luis enters '79918093' into where do we write the user, Luis enters 'Choucair2021*' into where do we write the password, Luis clicks on confirm login]], When he search for the course Foundation Level on the Choucair Academy platform
| strCourse |
| Foundation Level | [Luis search [Luis clicks on selecciona cursos y certificaciones]]
[Test worker] WARN net.thucydides.core.steps.BaseStepListener - stepStarted: net.thucydides.core.steps.ExecutedStepDescription@23bd9513
[Test worker] WARN net.thucydides.core.steps.BaseStepListener - stepFinished: current outcome:Search for automation course:Given than Luis wants to learn automation at the Academy Choucair
| strUser | strPassword |
| 79918093 | Choucair2021* | [Luis open up [Luis opens the Choucair academy page], Luis login [Luis clicks on button that show the form to login, Luis enters '79918093' into where do we write the user, Luis enters 'Choucair2021*' into where do we write the password, Luis clicks on confirm login]], When he search for the course Foundation Level on the Choucair Academy platform
| strCourse |
| Foundation Level | [Luis search [Luis clicks on selecciona cursos y certificaciones, Luis enters 'Foundation Level' into buscar el curso]]
[Test worker] WARN net.thucydides.core.steps.BaseStepListener - stepStarted: net.thucydides.core.steps.ExecutedStepDescription@3bf59479
[Test worker] WARN net.thucydides.core.steps.BaseStepListener - stepFinished: current outcome:Search for automation course:Given than Luis wants to learn automation at the Academy Choucair
| strUser | strPassword |
| 79918093 | Choucair2021* | [Luis open up [Luis opens the Choucair academy page], Luis login [Luis clicks on button that show the form to login, Luis enters '79918093' into where do we write the user, Luis enters 'Choucair2021*' into where do we write the password, Luis clicks on confirm login]], When he search for the course Foundation Level on the Choucair Academy platform
| strCourse |
| Foundation Level | [Luis search [Luis clicks on selecciona cursos y certificaciones, Luis enters 'Foundation Level' into buscar el curso, Luis clicks on da click para buscar el curso]]
[Test worker] WARN net.thucydides.core.steps.BaseStepListener - stepStarted: net.thucydides.core.steps.ExecutedStepDescription@542626e4
[Test worker] WARN net.thucydides.core.steps.BaseStepListener - stepFinished: current outcome:Search for automation course:Given than Luis wants to learn automation at the Academy Choucair
| strUser | strPassword |
| 79918093 | Choucair2021* | [Luis open up [Luis opens the Choucair academy page], Luis login [Luis clicks on button that show the form to login, Luis enters '79918093' into where do we write the user, Luis enters 'Choucair2021*' into where do we write the password, Luis clicks on confirm login]], When he search for the course Foundation Level on the Choucair Academy platform
| strCourse |
| Foundation Level | [Luis search [Luis clicks on selecciona cursos y certificaciones, Luis enters 'Foundation Level' into buscar el curso, Luis clicks on da click para buscar el curso, Luis clicks on da click para seleccionar el curso]]
[Test worker] WARN net.thucydides.core.steps.BaseStepListener - stepStarted: net.thucydides.core.steps.ExecutedStepDescription@54a30c6
[Test worker] WARN net.thucydides.core.steps.BaseStepListener - stepFinished: current outcome:Search for automation course:Given than Luis wants to learn automation at the Academy Choucair
| strUser | strPassword |
| 79918093 | Choucair2021* | [Luis open up [Luis opens the Choucair academy page], Luis login [Luis clicks on button that show the form to login, Luis enters '79918093' into where do we write the user, Luis enters 'Choucair2021*' into where do we write the password, Luis clicks on confirm login]], When he search for the course Foundation Level on the Choucair Academy platform
| strCourse |
| Foundation Level | [Luis search [Luis clicks on selecciona cursos y certificaciones, Luis enters 'Foundation Level' into buscar el curso, Luis clicks on da click para buscar el curso, Luis clicks on da click para seleccionar el curso, Luis clicks on extrae el nombre del curso]]
[Test worker] WARN net.thucydides.core.steps.BaseStepListener - stepFinished: current outcome:Search for automation course:Given than Luis wants to learn automation at the Academy Choucair
| strUser | strPassword |
| 79918093 | Choucair2021* | [Luis open up [Luis opens the Choucair academy page], Luis login [Luis clicks on button that show the form to login, Luis enters '79918093' into where do we write the user, Luis enters 'Choucair2021*' into where do we write the password, Luis clicks on confirm login]], When he search for the course Foundation Level on the Choucair Academy platform
| strCourse |
| Foundation Level | [Luis search [Luis clicks on selecciona cursos y certificaciones, Luis enters 'Foundation Level' into buscar el curso, Luis clicks on da click para buscar el curso, Luis clicks on da click para seleccionar el curso, Luis clicks on extrae el nombre del curso]]
[Test worker] WARN net.thucydides.core.steps.BaseStepListener - stepFinished: current outcome:Search for automation course:Given than Luis wants to learn automation at the Academy Choucair
| strUser | strPassword |
| 79918093 | Choucair2021* | [Luis open up [Luis opens the Choucair academy page], Luis login [Luis clicks on button that show the form to login, Luis enters '79918093' into where do we write the user, Luis enters 'Choucair2021*' into where do we write the password, Luis clicks on confirm login]], When he search for the course Foundation Level on the Choucair Academy platform
| strCourse |
| Foundation Level | [Luis search [Luis clicks on selecciona cursos y certificaciones, Luis enters 'Foundation Level' into buscar el curso, Luis clicks on da click para buscar el curso, Luis clicks on da click para seleccionar el curso, Luis clicks on extrae el nombre del curso]]
[Test worker] WARN net.thucydides.core.steps.BaseStepListener - stepStarted: net.thucydides.core.steps.ExecutedStepDescription@3b45e971
[Test worker] WARN net.thucydides.core.steps.BaseStepListener - stepStarted: net.thucydides.core.steps.ExecutedStepDescription@173bd85a
[Test worker] WARN net.thucydides.core.steps.BaseStepListener - stepFinished: current outcome:Search for automation course:Given than Luis wants to learn automation at the Academy Choucair
| strUser | strPassword |
| 79918093 | Choucair2021* | [Luis open up [Luis opens the Choucair academy page], Luis login [Luis clicks on button that show the form to login, Luis enters '79918093' into where do we write the user, Luis enters 'Choucair2021*' into where do we write the password, Luis clicks on confirm login]], When he search for the course Foundation Level on the Choucair Academy platform
| strCourse |
| Foundation Level | [Luis search [Luis clicks on selecciona cursos y certificaciones, Luis enters 'Foundation Level' into buscar el curso, Luis clicks on da click para buscar el curso, Luis clicks on da click para seleccionar el curso, Luis clicks on extrae el nombre del curso]], Then he find the course called Foundation Level
| strCourse |
| Foundation Level | [Then answer]
[Test worker] WARN net.thucydides.core.steps.BaseStepListener - stepFinished: current outcome:Search for automation course:Given than Luis wants to learn automation at the Academy Choucair
| strUser | strPassword |
| 79918093 | Choucair2021* | [Luis open up [Luis opens the Choucair academy page], Luis login [Luis clicks on button that show the form to login, Luis enters '79918093' into where do we write the user, Luis enters 'Choucair2021*' into where do we write the password, Luis clicks on confirm login]], When he search for the course Foundation Level on the Choucair Academy platform
| strCourse |
| Foundation Level | [Luis search [Luis clicks on selecciona cursos y certificaciones, Luis enters 'Foundation Level' into buscar el curso, Luis clicks on da click para buscar el curso, Luis clicks on da click para seleccionar el curso, Luis clicks on extrae el nombre del curso]], Then he find the course called Foundation Level
| strCourse |
| Foundation Level | [Then answer]
[Test worker] WARN net.thucydides.core.steps.BaseStepListener - testFinished: Search for automation course:Given than Luis wants to learn automation at the Academy Choucair
| strUser | strPassword |
| 79918093 | Choucair2021* | [Luis open up [Luis opens the Choucair academy page], Luis login [Luis clicks on button that show the form to login, Luis enters '79918093' into where do we write the user, Luis enters 'Choucair2021*' into where do we write the password, Luis clicks on confirm login]], When he search for the course Foundation Level on the Choucair Academy platform
| strCourse |
| Foundation Level | [Luis search [Luis clicks on selecciona cursos y certificaciones, Luis enters 'Foundation Level' into buscar el curso, Luis clicks on da click para buscar el curso, Luis clicks on da click para seleccionar el curso, Luis clicks on extrae el nombre del curso]], Then he find the course called Foundation Level
| strCourse |
| Foundation Level | [Then answer]
[Test worker] WARN net.thucydides.core.steps.BaseStepListener - TestOutcomes: [Search for automation course:Given than Luis wants to learn automation at the Academy Choucair
| strUser | strPassword |
| 79918093 | Choucair2021* | [Luis open up [Luis opens the Choucair academy page], Luis login [Luis clicks on button that show the form to login, Luis enters '79918093' into where do we write the user, Luis enters 'Choucair2021*' into where do we write the password, Luis clicks on confirm login]], When he search for the course Foundation Level on the Choucair Academy platform
| strCourse |
| Foundation Level | [Luis search [Luis clicks on selecciona cursos y certificaciones, Luis enters 'Foundation Level' into buscar el curso, Luis clicks on da click para buscar el curso, Luis clicks on da click para seleccionar el curso, Luis clicks on extrae el nombre del curso]], Then he find the course called Foundation Level
| strCourse |
| Foundation Level | [Then answer]]
[Test worker] WARN net.thucydides.core.steps.BaseStepListener - Final testOutcomes: [Search for automation course:Given than Luis wants to learn automation at the Academy Choucair
| strUser | strPassword |
| 79918093 | Choucair2021* | [Luis open up [Luis opens the Choucair academy page], Luis login [Luis clicks on button that show the form to login, Luis enters '79918093' into where do we write the user, Luis enters 'Choucair2021*' into where do we write the password, Luis clicks on confirm login]], When he search for the course Foundation Level on the Choucair Academy platform
| strCourse |
| Foundation Level | [Luis search [Luis clicks on selecciona cursos y certificaciones, Luis enters 'Foundation Level' into buscar el curso, Luis clicks on da click para buscar el curso, Luis clicks on da click para seleccionar el curso, Luis clicks on extrae el nombre del curso]], Then he find the course called Foundation Level
| strCourse |
| Foundation Level | [Then answer]]
[Test worker] INFO net.thucydides.core.steps.ConsoleLoggingListener - 
        __    _____ _____ ____ _____   ____   _    ____  ____  _____ ____  
  _     \ \  |_   _| ____/ ___|_   _| |  _ \ / \  / ___|/ ___|| ____|  _ \ 
 (_)_____| |   | | |  _| \___ \ | |   | |_) / _ \ \___ \\___ \|  _| | | | |
  _|_____| |   | | | |___ ___) || |   |  __/ ___ \ ___) |___) | |___| |_| |
 (_)     | |   |_| |_____|____/ |_|   |_| /_/   \_\____/|____/|_____|____/ 
        /_/                                                                

TEST PASSED: Search for automation course
----------------------------------------------------------------------------
]]></system-err>
</testsuite>
